2023-09-12 10:21:33,492 [Worker-2: Loading available Gradle versions] INFO  o.e.b.c.i.u.g.PublishedGradleVersions - Gradle version information cache is up-to-date. Trying to read.
2023-09-13 12:17:36,936 [Worker-2: Loading available Gradle versions] INFO  o.e.b.c.i.u.g.PublishedGradleVersions - Gradle version information cache is out-of-date. Trying to update.
2023-09-14 13:55:05,666 [Worker-5: Loading available Gradle versions] INFO  o.e.b.c.i.u.g.PublishedGradleVersions - Gradle version information cache is out-of-date. Trying to update.
2023-10-04 10:50:53,694 [Worker-5: Loading available Gradle versions] INFO  o.e.b.c.i.u.g.PublishedGradleVersions - Gradle version information cache is out-of-date. Trying to update.
2023-10-04 10:51:03,056 [Worker-7: Updating Maven Dependencies] INFO  o.e.m.c.i.p.r.ProjectRegistryRefreshJob - org.eclipse.m2e.core.internal.project.registry.ProjectRegistryRefreshJob was canceled
2023-10-04 10:52:27,546 [Worker-1: Loading available Gradle versions] INFO  o.e.b.c.i.u.g.PublishedGradleVersions - Gradle version information cache is up-to-date. Trying to read.
2023-10-04 10:56:09,798 [Worker-22: Launching mavenrun-b3fd2a26-d098-4a4f-811c-96ee39884cf7] INFO  o.eclipse.m2e.core.internal.Bundles - getClasspathEntries(Bundle=org.eclipse.m2e.maven.runtime_3.8.701.20230209-1606 [273])
2023-10-04 10:56:09,847 [Worker-22: Launching mavenrun-b3fd2a26-d098-4a4f-811c-96ee39884cf7] INFO  o.eclipse.m2e.core.internal.Bundles - 	Entry: C:\Users\Mayas\.p2\pool\plugins\org.eclipse.m2e.maven.runtime_3.8.701.20230209-1606
2023-10-04 10:56:09,848 [Worker-22: Launching mavenrun-b3fd2a26-d098-4a4f-811c-96ee39884cf7] INFO  o.eclipse.m2e.core.internal.Bundles - 	Entry: C:\Users\Mayas\.p2\pool\plugins\org.eclipse.m2e.maven.runtime_3.8.701.20230209-1606\jars\aether-connector-okhttp-0.17.8.jar
2023-10-04 10:56:09,848 [Worker-22: Launching mavenrun-b3fd2a26-d098-4a4f-811c-96ee39884cf7] INFO  o.eclipse.m2e.core.internal.Bundles - 	Entry: C:\Users\Mayas\.p2\pool\plugins\org.eclipse.m2e.maven.runtime_3.8.701.20230209-1606\jars\commons-lang3-3.8.1.jar
2023-10-04 10:56:09,848 [Worker-22: Launching mavenrun-b3fd2a26-d098-4a4f-811c-96ee39884cf7] INFO  o.eclipse.m2e.core.internal.Bundles - 	Entry: C:\Users\Mayas\.p2\pool\plugins\org.eclipse.m2e.maven.runtime_3.8.701.20230209-1606\jars\guice-4.2.2-no_aop.jar
2023-10-04 10:56:09,849 [Worker-22: Launching mavenrun-b3fd2a26-d098-4a4f-811c-96ee39884cf7] INFO  o.eclipse.m2e.core.internal.Bundles - 	Entry: C:\Users\Mayas\.p2\pool\plugins\org.eclipse.m2e.maven.runtime_3.8.701.20230209-1606\jars\jansi-2.4.0.jar
2023-10-04 10:56:09,849 [Worker-22: Launching mavenrun-b3fd2a26-d098-4a4f-811c-96ee39884cf7] INFO  o.eclipse.m2e.core.internal.Bundles - 	Entry: C:\Users\Mayas\.p2\pool\plugins\org.eclipse.m2e.maven.runtime_3.8.701.20230209-1606\jars\maven-artifact-3.8.7.jar
2023-10-04 10:56:09,849 [Worker-22: Launching mavenrun-b3fd2a26-d098-4a4f-811c-96ee39884cf7] INFO  o.eclipse.m2e.core.internal.Bundles - 	Entry: C:\Users\Mayas\.p2\pool\plugins\org.eclipse.m2e.maven.runtime_3.8.701.20230209-1606\jars\maven-builder-support-3.8.7.jar
2023-10-04 10:56:09,849 [Worker-22: Launching mavenrun-b3fd2a26-d098-4a4f-811c-96ee39884cf7] INFO  o.eclipse.m2e.core.internal.Bundles - 	Entry: C:\Users\Mayas\.p2\pool\plugins\org.eclipse.m2e.maven.runtime_3.8.701.20230209-1606\jars\maven-compat-3.8.7.jar
2023-10-04 10:56:09,850 [Worker-22: Launching mavenrun-b3fd2a26-d098-4a4f-811c-96ee39884cf7] INFO  o.eclipse.m2e.core.internal.Bundles - 	Entry: C:\Users\Mayas\.p2\pool\plugins\org.eclipse.m2e.maven.runtime_3.8.701.20230209-1606\jars\maven-core-3.8.7.jar
2023-10-04 10:56:09,850 [Worker-22: Launching mavenrun-b3fd2a26-d098-4a4f-811c-96ee39884cf7] INFO  o.eclipse.m2e.core.internal.Bundles - 	Entry: C:\Users\Mayas\.p2\pool\plugins\org.eclipse.m2e.maven.runtime_3.8.701.20230209-1606\jars\maven-embedder-3.8.7.jar
2023-10-04 10:56:09,850 [Worker-22: Launching mavenrun-b3fd2a26-d098-4a4f-811c-96ee39884cf7] INFO  o.eclipse.m2e.core.internal.Bundles - 	Entry: C:\Users\Mayas\.p2\pool\plugins\org.eclipse.m2e.maven.runtime_3.8.701.20230209-1606\jars\maven-model-3.8.7.jar
2023-10-04 10:56:09,851 [Worker-22: Launching mavenrun-b3fd2a26-d098-4a4f-811c-96ee39884cf7] INFO  o.eclipse.m2e.core.internal.Bundles - 	Entry: C:\Users\Mayas\.p2\pool\plugins\org.eclipse.m2e.maven.runtime_3.8.701.20230209-1606\jars\maven-model-builder-3.8.7.jar
2023-10-04 10:56:09,851 [Worker-22: Launching mavenrun-b3fd2a26-d098-4a4f-811c-96ee39884cf7] INFO  o.eclipse.m2e.core.internal.Bundles - 	Entry: C:\Users\Mayas\.p2\pool\plugins\org.eclipse.m2e.maven.runtime_3.8.701.20230209-1606\jars\maven-plugin-api-3.8.7.jar
2023-10-04 10:56:09,851 [Worker-22: Launching mavenrun-b3fd2a26-d098-4a4f-811c-96ee39884cf7] INFO  o.eclipse.m2e.core.internal.Bundles - 	Entry: C:\Users\Mayas\.p2\pool\plugins\org.eclipse.m2e.maven.runtime_3.8.701.20230209-1606\jars\maven-repository-metadata-3.8.7.jar
2023-10-04 10:56:09,851 [Worker-22: Launching mavenrun-b3fd2a26-d098-4a4f-811c-96ee39884cf7] INFO  o.eclipse.m2e.core.internal.Bundles - 	Entry: C:\Users\Mayas\.p2\pool\plugins\org.eclipse.m2e.maven.runtime_3.8.701.20230209-1606\jars\maven-resolver-api-1.6.3.jar
2023-10-04 10:56:09,852 [Worker-22: Launching mavenrun-b3fd2a26-d098-4a4f-811c-96ee39884cf7] INFO  o.eclipse.m2e.core.internal.Bundles - 	Entry: C:\Users\Mayas\.p2\pool\plugins\org.eclipse.m2e.maven.runtime_3.8.701.20230209-1606\jars\maven-resolver-connector-basic-1.6.3.jar
2023-10-04 10:56:09,852 [Worker-22: Launching mavenrun-b3fd2a26-d098-4a4f-811c-96ee39884cf7] INFO  o.eclipse.m2e.core.internal.Bundles - 	Entry: C:\Users\Mayas\.p2\pool\plugins\org.eclipse.m2e.maven.runtime_3.8.701.20230209-1606\jars\maven-resolver-impl-1.6.3.jar
2023-10-04 10:56:09,852 [Worker-22: Launching mavenrun-b3fd2a26-d098-4a4f-811c-96ee39884cf7] INFO  o.eclipse.m2e.core.internal.Bundles - 	Entry: C:\Users\Mayas\.p2\pool\plugins\org.eclipse.m2e.maven.runtime_3.8.701.20230209-1606\jars\maven-resolver-provider-3.8.7.jar
2023-10-04 10:56:09,852 [Worker-22: Launching mavenrun-b3fd2a26-d098-4a4f-811c-96ee39884cf7] INFO  o.eclipse.m2e.core.internal.Bundles - 	Entry: C:\Users\Mayas\.p2\pool\plugins\org.eclipse.m2e.maven.runtime_3.8.701.20230209-1606\jars\maven-resolver-spi-1.6.3.jar
2023-10-04 10:56:09,853 [Worker-22: Launching mavenrun-b3fd2a26-d098-4a4f-811c-96ee39884cf7] INFO  o.eclipse.m2e.core.internal.Bundles - 	Entry: C:\Users\Mayas\.p2\pool\plugins\org.eclipse.m2e.maven.runtime_3.8.701.20230209-1606\jars\maven-resolver-transport-wagon-1.6.3.jar
2023-10-04 10:56:09,853 [Worker-22: Launching mavenrun-b3fd2a26-d098-4a4f-811c-96ee39884cf7] INFO  o.eclipse.m2e.core.internal.Bundles - 	Entry: C:\Users\Mayas\.p2\pool\plugins\org.eclipse.m2e.maven.runtime_3.8.701.20230209-1606\jars\maven-resolver-util-1.6.3.jar
2023-10-04 10:56:09,853 [Worker-22: Launching mavenrun-b3fd2a26-d098-4a4f-811c-96ee39884cf7] INFO  o.eclipse.m2e.core.internal.Bundles - 	Entry: C:\Users\Mayas\.p2\pool\plugins\org.eclipse.m2e.maven.runtime_3.8.701.20230209-1606\jars\maven-settings-3.8.7.jar
2023-10-04 10:56:09,853 [Worker-22: Launching mavenrun-b3fd2a26-d098-4a4f-811c-96ee39884cf7] INFO  o.eclipse.m2e.core.internal.Bundles - 	Entry: C:\Users\Mayas\.p2\pool\plugins\org.eclipse.m2e.maven.runtime_3.8.701.20230209-1606\jars\maven-settings-builder-3.8.7.jar
2023-10-04 10:56:09,854 [Worker-22: Launching mavenrun-b3fd2a26-d098-4a4f-811c-96ee39884cf7] INFO  o.eclipse.m2e.core.internal.Bundles - 	Entry: C:\Users\Mayas\.p2\pool\plugins\org.eclipse.m2e.maven.runtime_3.8.701.20230209-1606\jars\maven-shared-utils-3.3.4.jar
2023-10-04 10:56:09,854 [Worker-22: Launching mavenrun-b3fd2a26-d098-4a4f-811c-96ee39884cf7] INFO  o.eclipse.m2e.core.internal.Bundles - 	Entry: C:\Users\Mayas\.p2\pool\plugins\org.eclipse.m2e.maven.runtime_3.8.701.20230209-1606\jars\okhttp-3.14.1.jar
2023-10-04 10:56:09,854 [Worker-22: Launching mavenrun-b3fd2a26-d098-4a4f-811c-96ee39884cf7] INFO  o.eclipse.m2e.core.internal.Bundles - 	Entry: C:\Users\Mayas\.p2\pool\plugins\org.eclipse.m2e.maven.runtime_3.8.701.20230209-1606\jars\okio-1.17.3.jar
2023-10-04 10:56:09,854 [Worker-22: Launching mavenrun-b3fd2a26-d098-4a4f-811c-96ee39884cf7] INFO  o.eclipse.m2e.core.internal.Bundles - 	Entry: C:\Users\Mayas\.p2\pool\plugins\org.eclipse.m2e.maven.runtime_3.8.701.20230209-1606\jars\org.eclipse.sisu.inject-0.3.5.jar
2023-10-04 10:56:09,855 [Worker-22: Launching mavenrun-b3fd2a26-d098-4a4f-811c-96ee39884cf7] INFO  o.eclipse.m2e.core.internal.Bundles - 	Entry: C:\Users\Mayas\.p2\pool\plugins\org.eclipse.m2e.maven.runtime_3.8.701.20230209-1606\jars\org.eclipse.sisu.plexus-0.3.5.jar
2023-10-04 10:56:09,855 [Worker-22: Launching mavenrun-b3fd2a26-d098-4a4f-811c-96ee39884cf7] INFO  o.eclipse.m2e.core.internal.Bundles - 	Entry: C:\Users\Mayas\.p2\pool\plugins\org.eclipse.m2e.maven.runtime_3.8.701.20230209-1606\jars\plexus-build-api-0.0.7.jar
2023-10-04 10:56:09,855 [Worker-22: Launching mavenrun-b3fd2a26-d098-4a4f-811c-96ee39884cf7] INFO  o.eclipse.m2e.core.internal.Bundles - 	Entry: C:\Users\Mayas\.p2\pool\plugins\org.eclipse.m2e.maven.runtime_3.8.701.20230209-1606\jars\plexus-cipher-2.0.jar
2023-10-04 10:56:09,855 [Worker-22: Launching mavenrun-b3fd2a26-d098-4a4f-811c-96ee39884cf7] INFO  o.eclipse.m2e.core.internal.Bundles - 	Entry: C:\Users\Mayas\.p2\pool\plugins\org.eclipse.m2e.maven.runtime_3.8.701.20230209-1606\jars\plexus-classworlds-2.6.0.jar
2023-10-04 10:56:09,856 [Worker-22: Launching mavenrun-b3fd2a26-d098-4a4f-811c-96ee39884cf7] INFO  o.eclipse.m2e.core.internal.Bundles - 	Entry: C:\Users\Mayas\.p2\pool\plugins\org.eclipse.m2e.maven.runtime_3.8.701.20230209-1606\jars\plexus-component-annotations-2.1.0.jar
2023-10-04 10:56:09,856 [Worker-22: Launching mavenrun-b3fd2a26-d098-4a4f-811c-96ee39884cf7] INFO  o.eclipse.m2e.core.internal.Bundles - 	Entry: C:\Users\Mayas\.p2\pool\plugins\org.eclipse.m2e.maven.runtime_3.8.701.20230209-1606\jars\plexus-interpolation-1.26.jar
2023-10-04 10:56:09,856 [Worker-22: Launching mavenrun-b3fd2a26-d098-4a4f-811c-96ee39884cf7] INFO  o.eclipse.m2e.core.internal.Bundles - 	Entry: C:\Users\Mayas\.p2\pool\plugins\org.eclipse.m2e.maven.runtime_3.8.701.20230209-1606\jars\plexus-sec-dispatcher-2.0.jar
2023-10-04 10:56:09,856 [Worker-22: Launching mavenrun-b3fd2a26-d098-4a4f-811c-96ee39884cf7] INFO  o.eclipse.m2e.core.internal.Bundles - 	Entry: C:\Users\Mayas\.p2\pool\plugins\org.eclipse.m2e.maven.runtime_3.8.701.20230209-1606\jars\plexus-utils-3.3.1.jar
2023-10-04 10:56:09,856 [Worker-22: Launching mavenrun-b3fd2a26-d098-4a4f-811c-96ee39884cf7] INFO  o.eclipse.m2e.core.internal.Bundles - 	Entry: C:\Users\Mayas\.p2\pool\plugins\org.eclipse.m2e.maven.runtime_3.8.701.20230209-1606\jars\wagon-file-3.5.3.jar
2023-10-04 10:56:09,857 [Worker-22: Launching mavenrun-b3fd2a26-d098-4a4f-811c-96ee39884cf7] INFO  o.eclipse.m2e.core.internal.Bundles - 	Entry: C:\Users\Mayas\.p2\pool\plugins\org.eclipse.m2e.maven.runtime_3.8.701.20230209-1606\jars\wagon-provider-api-3.5.3.jar
2023-10-04 10:56:09,859 [Worker-22: Launching mavenrun-b3fd2a26-d098-4a4f-811c-96ee39884cf7] INFO  o.eclipse.m2e.core.internal.Bundles - getClasspathEntries(Bundle=com.google.guava_31.1.0.jre [9])
2023-10-04 10:56:09,860 [Worker-22: Launching mavenrun-b3fd2a26-d098-4a4f-811c-96ee39884cf7] INFO  o.eclipse.m2e.core.internal.Bundles - 	Entry: C:\Users\Mayas\.p2\pool\plugins\com.google.guava_31.1.0.jre.jar
2023-10-04 10:56:09,860 [Worker-22: Launching mavenrun-b3fd2a26-d098-4a4f-811c-96ee39884cf7] INFO  o.eclipse.m2e.core.internal.Bundles - getClasspathEntries(Bundle=slf4j.api_1.7.36 [441])
2023-10-04 10:56:09,861 [Worker-22: Launching mavenrun-b3fd2a26-d098-4a4f-811c-96ee39884cf7] INFO  o.eclipse.m2e.core.internal.Bundles - 	Entry: C:\Users\Mayas\.p2\pool\plugins\slf4j.api_1.7.36.jar
2023-10-04 10:56:09,861 [Worker-22: Launching mavenrun-b3fd2a26-d098-4a4f-811c-96ee39884cf7] INFO  o.eclipse.m2e.core.internal.Bundles - getClasspathEntries(Bundle=javax.inject_1.0.0.v20220405-0441 [21])
2023-10-04 10:56:09,875 [Worker-22: Launching mavenrun-b3fd2a26-d098-4a4f-811c-96ee39884cf7] INFO  o.eclipse.m2e.core.internal.Bundles - 	Entry: C:\Users\Mayas\.p2\pool\plugins\javax.inject_1.0.0.v20220405-0441.jar
2023-10-04 10:56:09,875 [Worker-22: Launching mavenrun-b3fd2a26-d098-4a4f-811c-96ee39884cf7] INFO  o.eclipse.m2e.core.internal.Bundles - getClasspathEntries(Bundle=javax.annotation_1.3.5.v20221203-1659 [19])
2023-10-04 10:56:09,881 [Worker-22: Launching mavenrun-b3fd2a26-d098-4a4f-811c-96ee39884cf7] INFO  o.eclipse.m2e.core.internal.Bundles - 	Entry: C:\Users\Mayas\.p2\pool\plugins\javax.annotation_1.3.5.v20221203-1659.jar
2023-10-04 10:56:09,881 [Worker-22: Launching mavenrun-b3fd2a26-d098-4a4f-811c-96ee39884cf7] INFO  o.eclipse.m2e.core.internal.Bundles - getClasspathEntries(Bundle=org.apache.commons.cli_1.4.0.v20221112-0806 [41])
2023-10-04 10:56:09,882 [Worker-22: Launching mavenrun-b3fd2a26-d098-4a4f-811c-96ee39884cf7] INFO  o.eclipse.m2e.core.internal.Bundles - 	Entry: C:\Users\Mayas\.p2\pool\plugins\org.apache.commons.cli_1.4.0.v20221112-0806.jar
2023-10-04 10:56:09,882 [Worker-22: Launching mavenrun-b3fd2a26-d098-4a4f-811c-96ee39884cf7] INFO  o.eclipse.m2e.core.internal.Bundles - getClasspathEntries(Bundle=com.google.guava.failureaccess_1.0.1 [11])
2023-10-04 10:56:09,883 [Worker-22: Launching mavenrun-b3fd2a26-d098-4a4f-811c-96ee39884cf7] INFO  o.eclipse.m2e.core.internal.Bundles - 	Entry: C:\Users\Mayas\.p2\pool\plugins\com.google.guava.failureaccess_1.0.1.jar
2023-10-04 10:56:09,887 [Worker-22: Launching mavenrun-b3fd2a26-d098-4a4f-811c-96ee39884cf7] INFO  o.e.m.i.launch.MavenLaunchDelegate - Run build in "C:\Users\Mayas\AppData\Local\Temp\m2e-archetypeGenerator15551418029316416415":
2023-10-04 10:56:09,909 [Worker-22: Launching mavenrun-b3fd2a26-d098-4a4f-811c-96ee39884cf7] INFO  o.e.m.i.launch.MavenLaunchDelegate -  mvn  -DarchetypeGroupId=org.apache.maven.archetypes -DarchetypeArtifactId=maven-archetype-quickstart -DarchetypeVersion=1.4 -DgroupId=insert -DartifactId=insertOperation -Dversion=0.0.1-SNAPSHOT -Dpackage=insert.insertOperation -DoutputDirectory="C:\Java Developer" -Dstyle.color=always -U archetype:generate
2023-10-04 10:56:34,728 [Worker-18: Creating maven-archetype-quickstart] INFO  o.e.m.c.i.p.ProjectConfigurationManager - Collecting project info '/pom.xml' C:\Java Developer\insertOperation\pom.xml
2023-10-04 10:56:40,749 [Worker-18: Creating maven-archetype-quickstart] INFO  o.e.m.c.i.l.LifecycleMappingFactory - Using org.eclipse.m2e.jdt.JarLifecycleMapping lifecycle mapping for MavenProject: insert:insertOperation:0.0.1-SNAPSHOT @ C:\Java Developer\insertOperation\pom.xml.
2023-10-04 10:56:45,603 [Worker-18: Creating maven-archetype-quickstart] INFO  o.e.m.j.i.AbstractJavaProjectConfigurator - Adding source folder /insertOperation/src/main/java
2023-10-04 10:56:45,632 [Worker-18: Creating maven-archetype-quickstart] INFO  o.e.m.j.i.AbstractJavaProjectConfigurator - Adding source folder /insertOperation/src/test/java
2023-10-04 10:56:46,392 [Worker-18: Creating maven-archetype-quickstart] INFO  o.e.m.c.i.p.ProjectConfigurationManager - Imported and configured 1 project(s) in 11 sec
2023-10-04 10:56:47,180 [Worker-9: Building] INFO  o.e.m.c.i.embedder.EclipseLogger - Using 'UTF-8' encoding to copy filtered resources.
2023-10-04 10:56:47,180 [Worker-9: Building] INFO  o.e.m.c.i.embedder.EclipseLogger - skip non existing resourceDirectory C:\Java Developer\insertOperation\src\main\resources
2023-10-04 10:56:47,185 [Worker-9: Building] INFO  o.e.m.c.i.embedder.EclipseLogger - Using 'UTF-8' encoding to copy filtered resources.
2023-10-04 10:56:47,185 [Worker-9: Building] INFO  o.e.m.c.i.embedder.EclipseLogger - skip non existing resourceDirectory C:\Java Developer\insertOperation\src\test\resources
2023-10-04 11:03:26,006 [Worker-22: Building] INFO  o.e.m.c.i.embedder.EclipseLogger - Using 'UTF-8' encoding to copy filtered resources.
2023-10-04 11:03:26,007 [Worker-22: Building] INFO  o.e.m.c.i.embedder.EclipseLogger - skip non existing resourceDirectory C:\Java Developer\insertOperation\src\main\resources
2023-10-04 11:03:26,010 [Worker-22: Building] INFO  o.e.m.c.i.embedder.EclipseLogger - Using 'UTF-8' encoding to copy filtered resources.
2023-10-04 11:03:26,010 [Worker-22: Building] INFO  o.e.m.c.i.embedder.EclipseLogger - skip non existing resourceDirectory C:\Java Developer\insertOperation\src\test\resources
2023-10-04 11:03:52,365 [Worker-22: Building] INFO  o.e.m.c.i.embedder.EclipseLogger - Using 'UTF-8' encoding to copy filtered resources.
2023-10-04 11:03:52,366 [Worker-22: Building] INFO  o.e.m.c.i.embedder.EclipseLogger - skip non existing resourceDirectory C:\Java Developer\insertOperation\src\main\resources
2023-10-04 11:03:52,368 [Worker-22: Building] INFO  o.e.m.c.i.embedder.EclipseLogger - Using 'UTF-8' encoding to copy filtered resources.
2023-10-04 11:03:52,368 [Worker-22: Building] INFO  o.e.m.c.i.embedder.EclipseLogger - skip non existing resourceDirectory C:\Java Developer\insertOperation\src\test\resources
2023-10-04 11:04:50,316 [Worker-28: Building] INFO  o.e.m.c.i.embedder.EclipseLogger - Using 'UTF-8' encoding to copy filtered resources.
2023-10-04 11:04:50,316 [Worker-28: Building] INFO  o.e.m.c.i.embedder.EclipseLogger - skip non existing resourceDirectory C:\Java Developer\insertOperation\src\main\resources
2023-10-04 11:04:50,319 [Worker-28: Building] INFO  o.e.m.c.i.embedder.EclipseLogger - Using 'UTF-8' encoding to copy filtered resources.
2023-10-04 11:04:50,320 [Worker-28: Building] INFO  o.e.m.c.i.embedder.EclipseLogger - skip non existing resourceDirectory C:\Java Developer\insertOperation\src\test\resources
2023-10-04 11:27:20,567 [Worker-26: Building] INFO  o.e.m.c.i.embedder.EclipseLogger - Using 'UTF-8' encoding to copy filtered resources.
2023-10-04 11:27:20,609 [Worker-26: Building] INFO  o.e.m.c.i.embedder.EclipseLogger - skip non existing resourceDirectory C:\Java Developer\insertOperation\src\main\resources
2023-10-04 11:27:20,614 [Worker-26: Building] INFO  o.e.m.c.i.embedder.EclipseLogger - Using 'UTF-8' encoding to copy filtered resources.
2023-10-04 11:27:20,614 [Worker-26: Building] INFO  o.e.m.c.i.embedder.EclipseLogger - skip non existing resourceDirectory C:\Java Developer\insertOperation\src\test\resources
2023-10-20 16:44:03,167 [Worker-4: Loading available Gradle versions] INFO  o.e.b.c.i.u.g.PublishedGradleVersions - Gradle version information cache is out-of-date. Trying to update.
2023-10-20 16:44:22,620 [Worker-10: Building] INFO  o.e.m.c.i.embedder.EclipseLogger - Using 'UTF-8' encoding to copy filtered resources.
2023-10-20 16:44:22,673 [Worker-10: Building] INFO  o.e.m.c.i.embedder.EclipseLogger - skip non existing resourceDirectory C:\Java Developer\insertOperation\src\main\resources
2023-10-20 16:44:22,681 [Worker-10: Building] INFO  o.e.m.c.i.embedder.EclipseLogger - Using 'UTF-8' encoding to copy filtered resources.
2023-10-20 16:44:22,681 [Worker-10: Building] INFO  o.e.m.c.i.embedder.EclipseLogger - skip non existing resourceDirectory C:\Java Developer\insertOperation\src\test\resources
2024-01-29 11:16:01,881 [Worker-5: Loading available Gradle versions] INFO  o.e.b.c.i.u.g.PublishedGradleVersions - Gradle version information cache is up-to-date. Trying to read.
